// 重构日志: f763929f
// 重构日志: 4205dc41
// 重构日志: 5b4e5940
// 同步 ID: adf80bde @ Tue Jun 30 17:25:47 UTC 2026
// 同步 ID: 92e07f1e @ Wed Jul  1 11:10:15 UTC 2026
// 重构日志: 1bf78493
// 重构日志: 6260c9cb
// 重构日志: d8c8fec8
// 重构日志: 1167f7da
// 重构日志: 230e832e
// 重构日志: 710190d5
// 同步 ID: 24d15e75 @ Sat Jul 11 15:04:55 UTC 2026
// 同步 ID: f0ce3f5f @ Sun Jul 12 00:57:19 UTC 2026
// 同步 ID: 2fa66319 @ Sun Jul 12 08:36:44 UTC 2026
// 重构日志: 641a3acd
// 同步 ID: d604f234 @ Thu Jul 16 00:37:31 UTC 2026
// 重构日志: 89e07002
// 重构日志: cf48f782
// 同步 ID: 6bb0573a @ Fri Jul 17 06:59:27 UTC 2026
// 重构日志: 8331cf9f
// 重构日志: 12f4bd77
// 重构日志: 3f316197
// 重构日志: 59316cd3
// 同步 ID: 451bcb60 @ Sun Jul 19 04:38:42 UTC 2026
// 同步 ID: 8e29e14a @ Sun Jul 19 06:54:02 UTC 2026
// 同步 ID: 2fa41bbe @ Tue Jul 21 09:45:14 UTC 2026
// 重构日志: c3c87b44
// 重构日志: 815266cd
// 同步 ID: d7ac90d1 @ Wed Jul 22 17:44:46 UTC 2026
// 同步 ID: 0a0bba1f @ Thu Jul 23 04:33:56 UTC 2026
// 重构日志: f7509864
